<?xml version="1.0" encoding="UTF-8"?>
<!-- Generated by org.testng.reporters.JUnitReportReporter -->
<testsuite skipped="0" hostname="LAPTOP-QOBOU41J" name="Sample.Circbuzz" tests="1" failures="0" timestamp="2021-07-28T11:11:12 IST" time="7.088" errors="0">
  <testcase name="firstVisit" time="7.088" classname="Sample.Circbuzz"/>
  <system-out/>
</testsuite> <!-- Sample.Circbuzz -->
